<?xml version="1.0" encoding="UTF-8"?>
<!-- Generated by org.testng.reporters.JUnitXMLReporter -->
<testsuite ignored="0" hostname="DESKTOP-L1NEMNE" failures="0" tests="6" name="Surefire test" time="0.039" errors="0" timestamp="2020-01-14T22:11:11 PST">
  <testcase classname="MyPackage1.FirstTest" name="BrowserLaunch" time="0.004"/>
  <testcase classname="MyPackage1.FirstTest" name="Login" time="0.0"/>
  <testcase classname="MyPackage1.SecondTest" name="EnterDetails" time="0.0"/>
  <testcase classname="MyPackage1.SecondTest" name="EnterName" time="0.0"/>
  <testcase classname="MyPackage1.ThirdTest" name="EnterPassword" time="0.0"/>
  <testcase classname="MyPackage1.ThirdTest" name="Submit" time="0.0"/>
</testsuite> <!-- Surefire test -->
