<?xml version="1.0" encoding="UTF-8"?>
<!-- Generated by org.testng.reporters.JUnitXMLReporter -->
<testsuite ignored="0" hostname="DESKTOP-L1NEMNE" failures="0" tests="6" name="Command line test" time="0.036" errors="0" timestamp="2020-01-14T02:58:14 PST">
  <testcase classname="MyPackage1.FirstTest" name="BrowserLaunch" time="0.003"/>
  <testcase classname="MyPackage1.FirstTest" name="Login" time="0.0"/>
  <testcase classname="MyPackage1.SecondTest" name="EnterDetails" time="0.001"/>
  <testcase classname="MyPackage1.SecondTest" name="EnterName" time="0.0"/>
  <testcase classname="MyPackage1.ThirdTest" name="EnterPassword" time="0.001"/>
  <testcase classname="MyPackage1.ThirdTest" name="Submit" time="0.001"/>
</testsuite> <!-- Command line test -->
