<?xml version="1.0" encoding="UTF-8"?>
<testsuite xmlns:xsi="http://www.w3.org/2001/XMLSchema-instance" xsi:noNamespaceSchemaLocation="https://maven.apache.org/surefire/maven-surefire-plugin/xsd/surefire-test-report.xsd" name="TestSuite" time="0.568" tests="6" errors="0" skipped="0" failures="0">
  <properties>
[...]
</properties>
  <testcase name="BrowserLaunch" classname="MyPackage1.FirstTest" time="0.005"/>
  <testcase name="Login" classname="MyPackage1.FirstTest" time="0"/>
  <testcase name="EnterDetails" classname="MyPackage1.SecondTest" time="0"/>
  <testcase name="EnterName" classname="MyPackage1.SecondTest" time="0.001"/>
  <testcase name="EnterPassword" classname="MyPackage1.ThirdTest" time="0.003"/>
  <testcase name="Submit" classname="MyPackage1.ThirdTest" time="0"/>
</testsuite>