<?xml version="1.0" encoding="UTF-8"?>
<testng-results ignored="0" total="2" passed="2" failed="0" skipped="0">
  <reporter-output>
  </reporter-output>
  <suite started-at="2020-01-16T04:42:12 PST" name="Default suite" finished-at="2020-01-16T04:42:12 PST" duration-ms="49">
    <groups>
    </groups>
    <test started-at="2020-01-16T04:42:12 PST" name="Default test" finished-at="2020-01-16T04:42:12 PST" duration-ms="49">
      <class name="MyPackage1.SecondTest">
        <test-method signature="EnterDetails()[pri:0, instance:MyPackage1.SecondTest@197d671]" started-at="2020-01-16T04:42:12 PST" name="EnterDetails" finished-at="2020-01-16T04:42:12 PST" duration-ms="7" status="PASS">
          <reporter-output>
          </reporter-output>
        </test-method> <!-- EnterDetails -->
        <test-method signature="EnterName()[pri:0, instance:MyPackage1.SecondTest@197d671]" started-at="2020-01-16T04:42:12 PST" name="EnterName" finished-at="2020-01-16T04:42:12 PST" duration-ms="3" status="PASS">
          <reporter-output>
          </reporter-output>
        </test-method> <!-- EnterName -->
      </class> <!-- MyPackage1.SecondTest -->
    </test> <!-- Default test -->
  </suite> <!-- Default suite -->
</testng-results>
